2018-3-31 22:10:44|84.55.3.68|vitas|reports.reports|reports.reports_sections|update|pertis
2018-6-26 10:16:29|::1|vitas|reports.reports||insert|pertis
2018-6-26 10:18:1|::1|vitas|reports.reports||update|pertis
2018-6-26 10:18:37|::1|vitas|reports.reports|reports.reports_sections|update|pertis
2018-6-26 10:19:25|::1|vitas|reports.reports|reports.reports_sections|update|pertis
2018-6-26 10:19:42|::1|vitas|reports.reports|reports.reports_sections|update|pertis
2018-6-26 10:20:34|::1|vitas|reports.reports|reports.reports_sections|update|pertis
2018-6-26 10:22:8|127.0.0.1|vitas|reports.reports|reports.reports_sections|update|pertis
2018-6-26 10:29:3|::1|vitas|reports.reports|reports.reports_sections|update|pertis
2018-6-26 10:34:49|::1|vitas|reports.reports|reports.reports_sections|copy|pertis
2018-6-26 10:36:7|::1|vitas|reports.reports|reports.reports_sections|update|pertis
2018-6-26 10:40:5|::1|vitas|reports.reports|reports.reports_sections|delete|pertis
2018-6-26 11:21:8|::1|vitas|reports.reports|reports.reports_sections|update|pertis
2018-6-26 11:21:14|::1|vitas|reports.reports|reports.reports_sections|update|pertis
2018-6-26 11:21:23|::1|vitas|reports.reports|reports.reports_sections|update|pertis
2018-6-26 11:21:29|::1|vitas|reports.reports|reports.reports_sections|update|pertis
2018-6-26 11:24:36|::1|vitas|reports.reports|reports.reports_sections|update|pertis
2018-6-26 11:26:11|::1|vitas|reports.reports|reports.reports_sections|update|pertis
2018-6-26 11:27:42|::1|vitas|reports.reports|reports.reports_sections|update|pertis
2018-6-26 11:33:11|::1|vitas|reports.reports|reports.reports_sections|update|pertis
2018-6-26 11:39:24|::1|vitas|reports.reports|reports.reports_sections|update|pertis
2018-6-26 11:55:47|::1|vitas|reports.reports|reports.reports_sections|update|pertis
2018-6-26 11:58:27|::1|vitas|reports.reports|reports.reports_sections|update|pertis
2018-6-26 12:8:49|::1|vitas|reports.reports|reports.reports_sections|update|pertis
2018-6-26 12:13:18|::1|vitas|reports.reports|reports.reports_sections|update|pertis
2018-6-26 12:14:31|::1|vitas|reports.reports|reports.reports_sections|update|pertis
2018-6-26 12:15:22|::1|vitas|reports.reports|reports.reports_sections|update|pertis
2018-6-26 12:15:26|::1|vitas|reports.reports|reports.reports_sections|update|pertis
2018-6-26 12:17:2|::1|vitas|reports.reports|reports.reports_sections|update|pertis
2018-6-26 12:21:28|::1|vitas|reports.reports|reports.reports_sections|update|pertis
2018-6-26 12:21:50|::1|vitas|reports.reports|reports.reports_sections|update|pertis
2018-6-26 12:30:59|::1|vitas|reports.reports|reports.reports_sections|update|pertis
2018-6-26 12:38:54|::1|vitas|reports.reports|reports.reports_sections|update|pertis
